<?xml version="1.0" encoding="UTF-8"?>
<!-- Generated by org.testng.reporters.JUnitReportReporter -->
<testsuite hostname="QT-INNO-LT1071" failures="0" tests="1" name="tests.first" time="5.993" errors="0" timestamp="2022-03-31T14:56:26 IST" skipped="0">
  <testcase classname="tests.first" name="testOne" time="5.993"/>
  <system-out/>
</testsuite> <!-- tests.first -->
